<?xml version="1.0" encoding="UTF-8"?>
<testsuite xmlns:xsi="http://www.w3.org/2001/XMLSchema-instance" xsi:noNamespaceSchemaLocation="https://maven.apache.org/surefire/maven-surefire-plugin/xsd/surefire-test-report-3.0.xsd" version="3.0" name="com.ei.camel.orchestration.GetLocationWithTaxingJurisdictions3X1BRouteTest" time="1.482" tests="1" errors="0" skipped="0" failures="0">
  <properties>
[...]
</properties>
  <testcase name="routeProcessesRequestAndProducesFinalResponse" classname="com.ei.camel.orchestration.GetLocationWithTaxingJurisdictions3X1BRouteTest" time="0.485">
    <system-out><![CDATA[17:00:53.203 [main] INFO org.apache.camel.test.spring.junit5.CamelSpringBootExecutionListener -- CamelSpringBootExecutionListener preparing: class com.ei.camel.orchestration.GetLocationWithTaxingJurisdictions3X1BRouteTest
17:00:53.205 [main] INFO org.apache.camel.test.spring.junit5.CamelAnnotationsHandler -- Disabling Camel JMX globally for tests by default. Use the DisableJMX annotation to override the default setting.

  .   ____          _            __ _ _
 /\\ / ___'_ __ _ _(_)_ __  __ _ \ \ \ \
( ( )\___ | '_ | '_| | '_ \/ _` | \ \ \ \
 \\/  ___)| |_)| | | | | || (_| |  ) ) ) )
  '  |____| .__|_| |_|_| |_\__, | / / / /
 =========|_|==============|___/=/_/_/_/
 :: Spring Boot ::                (v3.2.0)

2025-10-23T17:00:53.299-06:00  INFO 34130 --- [           main] tionWithTaxingJurisdictions3X1BRouteTest : Starting GetLocationWithTaxingJurisdictions3X1BRouteTest using Java 25 with PID 34130 (started by albertohernandez in /Users/albertohernandez/Documents/projects/camel-route/modules/orchestration)
2025-10-23T17:00:53.300-06:00  INFO 34130 --- [           main] tionWithTaxingJurisdictions3X1BRouteTest : No active profile set, falling back to 1 default profile: "default"
2025-10-23T17:00:54.088-06:00  INFO 34130 --- [           main] tionWithTaxingJurisdictions3X1BRouteTest : Started GetLocationWithTaxingJurisdictions3X1BRouteTest in 0.873 seconds (process running for 1.154)
2025-10-23T17:00:54.089-06:00  INFO 34130 --- [           main] o.a.c.t.s.j.CamelAnnotationsHandler      : Setting shutdown timeout to [10 SECONDS] on CamelContext with name [camelContext].
2025-10-23T17:00:54.105-06:00  INFO 34130 --- [           main] c.t.s.j.CamelSpringBootExecutionListener : CamelSpringBootExecutionListener before: class com.ei.camel.orchestration.GetLocationWithTaxingJurisdictions3X1BRouteTest.routeProcessesRequestAndProducesFinalResponse
2025-10-23T17:00:54.105-06:00  INFO 34130 --- [           main] c.t.s.j.CamelSpringBootExecutionListener : Initialized CamelSpringBootExecutionListener now ready to start CamelContext
2025-10-23T17:00:54.106-06:00  INFO 34130 --- [           main] o.a.c.t.s.j.CamelAnnotationsHandler      : Skipping starting CamelContext(s) as UseAdviceWith annotation was found and isUseAdviceWith is set to true.
2025-10-23T17:00:54.533-06:00  INFO 34130 --- [           main] o.apache.camel.builder.AdviceWithTasks   : AdviceWith replace input from [cxf:bean:locationretrievalloc3x1bEndpoint] --> [direct:start]
2025-10-23T17:00:54.533-06:00  INFO 34130 --- [           main] o.apache.camel.builder.AdviceWithTasks   : AdviceWith (cxf:bean:locationretrievalloc3x1bClient*) : [To[cxf:bean:locationretrievalloc3x1bClient]] --> replace [To[direct:stub-outbound]]
2025-10-23T17:00:54.534-06:00  INFO 34130 --- [           main] org.apache.camel.builder.AdviceWith      : AdviceWith route after: Route(getlocationwithtaxingjurisdictions3x1b-route)[From[direct:start] -> [OnException[[java.lang.Exception] -> [Log[Error in GetLocationWithTaxingJurisdictions3X1B: ${exception.message}], To[direct:simpleFaultHandler]]], Log[Processing GetLocationWithTaxingJurisdictions3X1B request: ${body}], To[direct:validateRequest], To[direct:mapLocationRetrievalLOC3X1BRequest], SetHeader[operationName, constant{GetLocationWithTaxingJurisdictions}], To[direct:stub-outbound], To[direct:mapLocationRetrievalLOC3X1BResponse], To[direct:mapFinalResponse], Log[Completed GetLocationWithTaxingJurisdictions3X1B processing: ${body}]]]
2025-10-23T17:00:54.536-06:00  INFO 34130 --- [           main] org.apache.camel.builder.AdviceWith      : Adviced route before/after as XML:
<route xmlns="http://camel.apache.org/schema/spring" id="getlocationwithtaxingjurisdictions3x1b-route">
    <from uri="cxf:bean:locationretrievalloc3x1bEndpoint"/>
    <onException>
        <exception>java.lang.Exception</exception>
        <log message="Error in GetLocationWithTaxingJurisdictions3X1B: ${exception.message}"/>
        <to uri="direct:simpleFaultHandler"/>
    </onException>
    <log message="Processing GetLocationWithTaxingJurisdictions3X1B request: ${body}"/>
    <to uri="direct:validateRequest"/>
    <to uri="direct:mapLocationRetrievalLOC3X1BRequest"/>
    <setHeader name="operationName">
        <constant>GetLocationWithTaxingJurisdictions</constant>
    </setHeader>
    <to uri="cxf:bean:locationretrievalloc3x1bClient"/>
    <to uri="direct:mapLocationRetrievalLOC3X1BResponse"/>
    <to uri="direct:mapFinalResponse"/>
    <log message="Completed GetLocationWithTaxingJurisdictions3X1B processing: ${body}"/>
</route>

<route xmlns="http://camel.apache.org/schema/spring" id="getlocationwithtaxingjurisdictions3x1b-route">
    <from uri="direct:start"/>
    <onException>
        <exception>java.lang.Exception</exception>
        <log message="Error in GetLocationWithTaxingJurisdictions3X1B: ${exception.message}"/>
        <to uri="direct:simpleFaultHandler"/>
    </onException>
    <log message="Processing GetLocationWithTaxingJurisdictions3X1B request: ${body}"/>
    <to uri="direct:validateRequest"/>
    <to uri="direct:mapLocationRetrievalLOC3X1BRequest"/>
    <setHeader name="operationName">
        <constant>GetLocationWithTaxingJurisdictions</constant>
    </setHeader>
    <to uri="direct:stub-outbound"/>
    <to uri="direct:mapLocationRetrievalLOC3X1BResponse"/>
    <to uri="direct:mapFinalResponse"/>
    <log message="Completed GetLocationWithTaxingJurisdictions3X1B processing: ${body}"/>
</route>
2025-10-23T17:00:54.572-06:00  INFO 34130 --- [           main] o.a.c.impl.engine.AbstractCamelContext   : Apache Camel 4.15.0 (camel-1) is starting
2025-10-23T17:00:54.577-06:00  INFO 34130 --- [           main] o.a.c.impl.engine.AbstractCamelContext   : Routes startup (total:7)
2025-10-23T17:00:54.577-06:00  INFO 34130 --- [           main] o.a.c.impl.engine.AbstractCamelContext   :     Started getlocationwithtaxingjurisdictions3x1b-route (direct://start)
2025-10-23T17:00:54.577-06:00  INFO 34130 --- [           main] o.a.c.impl.engine.AbstractCamelContext   :     Started route1 (direct://validateRequest)
2025-10-23T17:00:54.577-06:00  INFO 34130 --- [           main] o.a.c.impl.engine.AbstractCamelContext   :     Started route2 (direct://simpleFaultHandler)
2025-10-23T17:00:54.577-06:00  INFO 34130 --- [           main] o.a.c.impl.engine.AbstractCamelContext   :     Started route3 (direct://mapFinalResponse)
2025-10-23T17:00:54.577-06:00  INFO 34130 --- [           main] o.a.c.impl.engine.AbstractCamelContext   :     Started route4 (direct://mapLocationRetrievalLOC3X1BRequest)
2025-10-23T17:00:54.577-06:00  INFO 34130 --- [           main] o.a.c.impl.engine.AbstractCamelContext   :     Started route5 (direct://mapLocationRetrievalLOC3X1BResponse)
2025-10-23T17:00:54.577-06:00  INFO 34130 --- [           main] o.a.c.impl.engine.AbstractCamelContext   :     Started stub-outbound-route (direct://stub-outbound)
2025-10-23T17:00:54.577-06:00  INFO 34130 --- [           main] o.a.c.impl.engine.AbstractCamelContext   : Apache Camel 4.15.0 (camel-1) started in 5ms (build:0ms init:0ms start:5ms boot:804ms)
2025-10-23T17:00:54.578-06:00  INFO 34130 --- [           main] o.a.c.impl.engine.AbstractCamelContext   : Started getlocationwithtaxingjurisdictions3x1b-route (direct://start)
2025-10-23T17:00:54.578-06:00  INFO 34130 --- [           main] o.a.c.impl.engine.AbstractCamelContext   : Started stub-outbound-route (direct://stub-outbound)
2025-10-23T17:00:54.578-06:00  INFO 34130 --- [           main] o.a.c.impl.engine.AbstractCamelContext   : Started stub-outbound-route (direct://stub-outbound)
2025-10-23T17:00:54.583-06:00  INFO 34130 --- [           main] ocationwithtaxingjurisdictions3x1b-route : Processing GetLocationWithTaxingJurisdictions3X1B request: <req/>
2025-10-23T17:00:54.583-06:00  INFO 34130 --- [           main] route1                                   : Validating request structure
2025-10-23T17:00:54.584-06:00  INFO 34130 --- [           main] route4                                   : Mapping LocationRetrievalLOC3X1B request
2025-10-23T17:00:54.584-06:00  INFO 34130 --- [           main] route5                                   : Mapping LocationRetrievalLOC3X1B response
2025-10-23T17:00:54.584-06:00  INFO 34130 --- [           main] route3                                   : Mapping final response
2025-10-23T17:00:54.585-06:00  INFO 34130 --- [           main] ocationwithtaxingjurisdictions3x1b-route : Completed GetLocationWithTaxingJurisdictions3X1B processing: <reply/>
2025-10-23T17:00:54.587-06:00  INFO 34130 --- [           main] tionWithTaxingJurisdictions3X1BRouteTest : ********************************************************************************
2025-10-23T17:00:54.587-06:00  INFO 34130 --- [           main] tionWithTaxingJurisdictions3X1BRouteTest : Testing done: routeProcessesRequestAndProducesFinalResponse (com.ei.camel.orchestration.GetLocationWithTaxingJurisdictions3X1BRouteTest)
2025-10-23T17:00:54.587-06:00  INFO 34130 --- [           main] tionWithTaxingJurisdictions3X1BRouteTest : Took: 481ms (481 millis)
2025-10-23T17:00:54.587-06:00  INFO 34130 --- [           main] tionWithTaxingJurisdictions3X1BRouteTest : ********************************************************************************
2025-10-23T17:00:54.587-06:00  INFO 34130 --- [           main] c.t.s.j.CamelSpringBootExecutionListener : CamelSpringBootExecutionListener after: class com.ei.camel.orchestration.GetLocationWithTaxingJurisdictions3X1BRouteTest.routeProcessesRequestAndProducesFinalResponse
]]></system-out>
    <system-err><![CDATA[WARNING: A Java agent has been loaded dynamically (/Users/albertohernandez/.m2/repository/net/bytebuddy/byte-buddy-agent/1.14.10/byte-buddy-agent-1.14.10.jar)
WARNING: If a serviceability tool is in use, please run with -XX:+EnableDynamicAgentLoading to hide this warning
WARNING: If a serviceability tool is not in use, please run with -Djdk.instrument.traceUsage for more information
WARNING: Dynamic loading of agents will be disallowed by default in a future release
]]></system-err>
  </testcase>
</testsuite>