<?xml version="1.0" encoding="UTF-8"?>
<testsuite xmlns:xsi="http://www.w3.org/2001/XMLSchema-instance" xsi:noNamespaceSchemaLocation="https://maven.apache.org/surefire/maven-surefire-plugin/xsd/surefire-test-report-3.0.xsd" version="3.0" name="com.example.schema.RequestSchemaTest" time="0.101" tests="3" errors="0" skipped="0" failures="0">
  <properties>
[...]
</properties>
  <testcase name="validateGetCountryRequest" classname="com.example.schema.RequestSchemaTest" time="0.069"/>
  <testcase name="validateGetStateOrProvinceRequest" classname="com.example.schema.RequestSchemaTest" time="0.005"/>
  <testcase name="validateGetLocationListRequest" classname="com.example.schema.RequestSchemaTest" time="0.005"/>
</testsuite>